TN:
SF:src\application\useCases\create-challenge-submission.ts
FN:8,get
FN:9,execute
FNF:2
FNH:2
FNDA:1,get
FNDA:1,execute
DA:1,1
DA:2,1
DA:3,1
DA:4,1
DA:5,1
DA:6,1
DA:7,1
DA:8,1
DA:9,1
DA:10,1
DA:11,1
DA:12,1
DA:13,1
DA:14,1
DA:15,1
DA:16,1
DA:17,1
LF:17
LH:17
BRDA:8,0,0,1
BRDA:9,1,0,1
BRF:2
BRH:2
end_of_record
TN:
SF:src\core\domain\Entity.ts
FN:3,get
FN:7,Entity
FNF:2
FNH:2
FNDA:1,get
FNDA:1,Entity
DA:1,1
DA:2,1
DA:3,1
DA:4,1
DA:5,1
DA:6,1
DA:7,1
DA:8,1
DA:9,1
DA:10,1
DA:11,1
LF:11
LH:11
BRDA:3,0,0,1
BRDA:7,1,0,1
BRDA:9,2,0,0
BRF:3
BRH:2
end_of_record
TN:
SF:src\domain\entities\submission.ts
FN:9,get
FN:14,create
FN:10,Submission
FNF:3
FNH:3
FNDA:1,get
FNDA:1,create
FNDA:1,Submission
DA:1,1
DA:2,1
DA:3,1
DA:4,1
DA:5,1
DA:6,1
DA:7,1
DA:8,1
DA:9,1
DA:10,1
DA:11,1
DA:12,1
DA:13,1
DA:14,1
DA:15,1
DA:16,1
DA:17,1
DA:18,1
DA:19,1
DA:20,1
DA:21,1
DA:22,1
LF:22
LH:22
BRDA:9,0,0,1
BRDA:14,1,0,1
BRDA:17,2,0,0
BRDA:10,3,0,1
BRF:4
BRH:3
end_of_record
